\BOOKMARK [0][-]{chapter*.1}{Acknowledgements}{}% 1
\BOOKMARK [0][-]{chapter*.2}{Abstract}{}% 2
\BOOKMARK [0][-]{section*.4}{List of figures}{}% 3
\BOOKMARK [0][-]{section*.6}{List of tables}{}% 4
\BOOKMARK [0][-]{chapter*.8}{Introduction}{}% 5
\BOOKMARK [0][-]{chapter*.9}{Background}{}% 6
\BOOKMARK [0][-]{chapter.1}{Motivations}{}% 7
\BOOKMARK [1][-]{section.1.1}{Tables}{chapter.1}% 8
\BOOKMARK [1][-]{section.1.2}{Figures}{chapter.1}% 9
\BOOKMARK [0][-]{chapter.2}{Method}{}% 10
\BOOKMARK [1][-]{section.2.1}{Tables}{chapter.2}% 11
\BOOKMARK [1][-]{section.2.2}{Figures}{chapter.2}% 12
\BOOKMARK [0][-]{chapter.3}{Technical Implementation}{}% 13
\BOOKMARK [1][-]{section.3.1}{Tables}{chapter.3}% 14
\BOOKMARK [1][-]{section.3.2}{Figures}{chapter.3}% 15
\BOOKMARK [0][-]{chapter.4}{Data acquisition}{}% 16
\BOOKMARK [1][-]{section.4.1}{Tables}{chapter.4}% 17
\BOOKMARK [1][-]{section.4.2}{Figures}{chapter.4}% 18
\BOOKMARK [0][-]{chapter.5}{Results}{}% 19
\BOOKMARK [1][-]{section.5.1}{Tables}{chapter.5}% 20
\BOOKMARK [1][-]{section.5.2}{Figures}{chapter.5}% 21
\BOOKMARK [0][-]{chapter.6}{Discussion}{}% 22
\BOOKMARK [1][-]{section.6.1}{Tables}{chapter.6}% 23
\BOOKMARK [1][-]{section.6.2}{Figures}{chapter.6}% 24
\BOOKMARK [0][-]{appendix.A}{An appendix}{}% 25
\BOOKMARK [0][-]{section*.34}{Bibliography}{}% 26
\BOOKMARK [0][-]{section*.35}{Curriculum Vitae}{}% 27
